<?xml version="1.0" encoding="UTF-8"?>
<!-- Generated by org.testng.reporters.JUnitXMLReporter -->
<testsuite hostname="Srijan-ka-MBP-2" ignored="0" name="Default test" tests="25" failures="0" timestamp="20 May 2020 13:38:21 GMT" time="19.264" errors="0">
  <testcase name="AdvanceSearch_function" time="0.149" classname="com.covid19.qa.HomePageTestcases.AdvanceSearchFunction"/>
  <testcase name="VerifypaitentIDequaltoPlaceholdertext" time="1.08" classname="com.covid19.qa.HomePageTestcases.AdvanceSearchFunction"/>
  <testcase name="VerifyPaitentIDPLaceholderText_function" time="1.115" classname="com.covid19.qa.HomePageTestcases.AdvanceSearchFunction"/>
  <testcase name="VerifyStatePatientIDTitle" time="0.025" classname="com.covid19.qa.HomePageTestcases.AdvanceSearchFunction"/>
  <testcase name="VerifyStatePatientIDPlaceHoldertext" time="0.083" classname="com.covid19.qa.HomePageTestcases.AdvanceSearchFunction"/>
  <testcase name="VerifyDistrictTitle" time="0.136" classname="com.covid19.qa.HomePageTestcases.AdvanceSearchFunction"/>
  <testcase name="VerifyCityTitle" time="0.024" classname="com.covid19.qa.HomePageTestcases.AdvanceSearchFunction"/>
  <testcase name="VerifyCityPlaceHolderText" time="0.106" classname="com.covid19.qa.HomePageTestcases.AdvanceSearchFunction"/>
  <testcase name="VerifyZipcodeTitle" time="0.021" classname="com.covid19.qa.HomePageTestcases.AdvanceSearchFunction"/>
  <testcase name="VerifyZipcodePlaceholderText" time="0.016" classname="com.covid19.qa.HomePageTestcases.AdvanceSearchFunction"/>
  <testcase name="VerifyAgeEqualToPlaceholderText" time="0.641" classname="com.covid19.qa.HomePageTestcases.AdvanceSearchFunction"/>
  <testcase name="VerifyInputTextfieldPlaceholderText" time="0.31" classname="com.covid19.qa.HomePageTestcases.AdvanceSearchFunction"/>
  <testcase name="VerifyDateAnnouncedequaltoPlaceholderText" time="0.695" classname="com.covid19.qa.HomePageTestcases.AdvanceSearchFunction"/>
  <testcase name="VerifyDateAnnouncedInputFieldPlaceholderText" time="0.355" classname="com.covid19.qa.HomePageTestcases.AdvanceSearchFunction"/>
  <testcase name="VerifyStatusChangeDatePlaceholderText" time="0.024" classname="com.covid19.qa.HomePageTestcases.AdvanceSearchFunction"/>
  <testcase name="VerifyStatusChangeDateInputTextFieldPlaceholderText" time="6.633" classname="com.covid19.qa.HomePageTestcases.AdvanceSearchFunction"/>
  <testcase name="VerifyPaitentIDMinPLaceholderText" time="0.024" classname="com.covid19.qa.HomePageTestcases.AdvanceSearchFunction"/>
  <testcase name="VerifyPaitentIDMaxPLaceholderText" time="0.821" classname="com.covid19.qa.HomePageTestcases.AdvanceSearchFunction"/>
  <testcase name="VerifyAgeMinInputFieldPlaceholderText" time="0.032" classname="com.covid19.qa.HomePageTestcases.AdvanceSearchFunction"/>
  <testcase name="VerifyAgeMaxInputFieldPlaceholderText" time="0.412" classname="com.covid19.qa.HomePageTestcases.AdvanceSearchFunction"/>
  <testcase name="VerifyDateAnnouncedMinInputFieldPlaceholderText" time="0.414" classname="com.covid19.qa.HomePageTestcases.AdvanceSearchFunction"/>
  <testcase name="VerifyDateAnnouncedMaxInputFieldPlaceholderText" time="0.031" classname="com.covid19.qa.HomePageTestcases.AdvanceSearchFunction"/>
  <testcase name="VerifyStatusChangeDateMinInputtextfieldPlaceholderText" time="0.331" classname="com.covid19.qa.HomePageTestcases.AdvanceSearchFunction"/>
  <testcase name="VerifyStatusChangeDateMinInputtextfieldPlaceholderText1" time="0.043" classname="com.covid19.qa.HomePageTestcases.AdvanceSearchFunction"/>
  <testcase name="VerifyStatusChangeDateMaxInputtextfieldPlaceholderText" time="0.467" classname="com.covid19.qa.HomePageTestcases.AdvanceSearchFunction"/>
</testsuite> <!-- Default test -->
