<?xml version="1.0" encoding="UTF-8"?>
<!-- Generated by org.testng.reporters.JUnitXMLReporter -->
<testsuite hostname="Srijan-ka-MBP-2" ignored="0" name="Test2" tests="19" failures="0" timestamp="02 Jun 2020 13:57:07 GMT" time="23.479" errors="0">
  <testcase name="VerifyPrimarySearchLabel" time="0.046" classname="com.covid19.qa.HomePageTestcases.PrimarySearchFunctionTestcase"/>
  <testcase name="VerifyPlaceholdertextCurrentStatus" time="0.022" classname="com.covid19.qa.HomePageTestcases.PrimarySearchFunctionTestcase"/>
  <testcase name="VerifyAllvaluesCurrentStatus" time="0.05" classname="com.covid19.qa.HomePageTestcases.PrimarySearchFunctionTestcase"/>
  <testcase name="VerifylabelTransmission_Type" time="0.023" classname="com.covid19.qa.HomePageTestcases.PrimarySearchFunctionTestcase"/>
  <testcase name="VerifyPlaceholdertextTransmission_Type" time="0.021" classname="com.covid19.qa.HomePageTestcases.PrimarySearchFunctionTestcase"/>
  <testcase name="VerifydropdownvaluesTransmission_Type" time="0.026" classname="com.covid19.qa.HomePageTestcases.PrimarySearchFunctionTestcase"/>
  <testcase name="VerifyStateLabel" time="0.023" classname="com.covid19.qa.HomePageTestcases.PrimarySearchFunctionTestcase"/>
  <testcase name="VerifyStatePlaceholderText" time="0.022" classname="com.covid19.qa.HomePageTestcases.PrimarySearchFunctionTestcase"/>
  <testcase name="VerifyStateDropdownvalues" time="0.032" classname="com.covid19.qa.HomePageTestcases.PrimarySearchFunctionTestcase"/>
  <testcase name="VerifyclustersLabelName" time="0.023" classname="com.covid19.qa.HomePageTestcases.PrimarySearchFunctionTestcase"/>
  <testcase name="VerifyclustersPlaceholderText" time="0.021" classname="com.covid19.qa.HomePageTestcases.PrimarySearchFunctionTestcase"/>
  <testcase name="VerifyclustersDropdownvalues" time="0.021" classname="com.covid19.qa.HomePageTestcases.PrimarySearchFunctionTestcase"/>
  <testcase name="VerifyNationalityLabel" time="0.021" classname="com.covid19.qa.HomePageTestcases.PrimarySearchFunctionTestcase"/>
  <testcase name="VerifyPlaceholderTextNationalityLabel" time="0.022" classname="com.covid19.qa.HomePageTestcases.PrimarySearchFunctionTestcase"/>
  <testcase name="VerifyDRopdownvaluesNationalityLabel" time="0.072" classname="com.covid19.qa.HomePageTestcases.PrimarySearchFunctionTestcase"/>
  <testcase name="VerifyGenderLabel" time="0.023" classname="com.covid19.qa.HomePageTestcases.PrimarySearchFunctionTestcase"/>
  <testcase name="VerifyPlaceholdertextGenderLabel" time="0.024" classname="com.covid19.qa.HomePageTestcases.PrimarySearchFunctionTestcase"/>
  <testcase name="VerifyDropdownValuesGenderLabel" time="0.022" classname="com.covid19.qa.HomePageTestcases.PrimarySearchFunctionTestcase"/>
  <testcase name="PrimarySearch_function" time="11.498" classname="com.covid19.qa.HomePageTestcases.PrimarySearchFunctionTestcase"/>
</testsuite> <!-- Test2 -->
