<?xml version="1.0" encoding="UTF-8"?>
<!-- Generated by org.testng.reporters.JUnitXMLReporter -->
<testsuite hostname="Srijan-ka-MBP-2" ignored="0" name="Test3" tests="25" failures="0" timestamp="02 Jun 2020 13:57:30 GMT" time="19.382" errors="0">
  <testcase name="AdvanceSearch_function" time="0.113" classname="com.covid19.qa.HomePageTestcases.AdvanceSearchFunction"/>
  <testcase name="VerifypaitentIDequaltoPlaceholdertext" time="0.578" classname="com.covid19.qa.HomePageTestcases.AdvanceSearchFunction"/>
  <testcase name="VerifyPaitentIDPLaceholderText_function" time="1.027" classname="com.covid19.qa.HomePageTestcases.AdvanceSearchFunction"/>
  <testcase name="VerifyStatePatientIDTitle" time="0.022" classname="com.covid19.qa.HomePageTestcases.AdvanceSearchFunction"/>
  <testcase name="VerifyStatePatientIDPlaceHoldertext" time="0.08" classname="com.covid19.qa.HomePageTestcases.AdvanceSearchFunction"/>
  <testcase name="VerifyDistrictTitle" time="0.126" classname="com.covid19.qa.HomePageTestcases.AdvanceSearchFunction"/>
  <testcase name="VerifyCityTitle" time="0.026" classname="com.covid19.qa.HomePageTestcases.AdvanceSearchFunction"/>
  <testcase name="VerifyCityPlaceHolderText" time="0.094" classname="com.covid19.qa.HomePageTestcases.AdvanceSearchFunction"/>
  <testcase name="VerifyZipcodeTitle" time="0.021" classname="com.covid19.qa.HomePageTestcases.AdvanceSearchFunction"/>
  <testcase name="VerifyZipcodePlaceholderText" time="0.013" classname="com.covid19.qa.HomePageTestcases.AdvanceSearchFunction"/>
  <testcase name="VerifyAgeEqualToPlaceholderText" time="0.647" classname="com.covid19.qa.HomePageTestcases.AdvanceSearchFunction"/>
  <testcase name="VerifyInputTextfieldPlaceholderText" time="0.311" classname="com.covid19.qa.HomePageTestcases.AdvanceSearchFunction"/>
  <testcase name="VerifyDateAnnouncedequaltoPlaceholderText" time="0.705" classname="com.covid19.qa.HomePageTestcases.AdvanceSearchFunction"/>
  <testcase name="VerifyDateAnnouncedInputFieldPlaceholderText" time="0.343" classname="com.covid19.qa.HomePageTestcases.AdvanceSearchFunction"/>
  <testcase name="VerifyStatusChangeDatePlaceholderText" time="0.024" classname="com.covid19.qa.HomePageTestcases.AdvanceSearchFunction"/>
  <testcase name="VerifyStatusChangeDateInputTextFieldPlaceholderText" time="6.572" classname="com.covid19.qa.HomePageTestcases.AdvanceSearchFunction"/>
  <testcase name="VerifyPaitentIDMinPLaceholderText" time="0.024" classname="com.covid19.qa.HomePageTestcases.AdvanceSearchFunction"/>
  <testcase name="VerifyPaitentIDMaxPLaceholderText" time="0.828" classname="com.covid19.qa.HomePageTestcases.AdvanceSearchFunction"/>
  <testcase name="VerifyAgeMinInputFieldPlaceholderText" time="0.032" classname="com.covid19.qa.HomePageTestcases.AdvanceSearchFunction"/>
  <testcase name="VerifyAgeMaxInputFieldPlaceholderText" time="0.401" classname="com.covid19.qa.HomePageTestcases.AdvanceSearchFunction"/>
  <testcase name="VerifyDateAnnouncedMinInputFieldPlaceholderText" time="0.434" classname="com.covid19.qa.HomePageTestcases.AdvanceSearchFunction"/>
  <testcase name="VerifyDateAnnouncedMaxInputFieldPlaceholderText" time="0.029" classname="com.covid19.qa.HomePageTestcases.AdvanceSearchFunction"/>
  <testcase name="VerifyStatusChangeDateMinInputtextfieldPlaceholderText" time="0.324" classname="com.covid19.qa.HomePageTestcases.AdvanceSearchFunction"/>
  <testcase name="VerifyStatusChangeDateMinInputtextfieldPlaceholderText1" time="0.044" classname="com.covid19.qa.HomePageTestcases.AdvanceSearchFunction"/>
  <testcase name="VerifyStatusChangeDateMaxInputtextfieldPlaceholderText" time="0.461" classname="com.covid19.qa.HomePageTestcases.AdvanceSearchFunction"/>
</testsuite> <!-- Test3 -->
