<?xml version="1.0" encoding="UTF-8"?>
<!-- Generated by org.testng.reporters.JUnitXMLReporter -->
<testsuite hostname="Srijan-ka-MBP-2" ignored="0" name="Test4" tests="11" failures="0" timestamp="05 Jun 2020 09:38:26 GMT" time="19.067" errors="0">
  <testcase name="AbouUsPageNavigation" time="1.103" classname="com.covid19.qa.HomePageTestcases.AboutUsPageTaseCase"/>
  <testcase name="ValidateAbouUsPageUrl" time="0.98" classname="com.covid19.qa.HomePageTestcases.AboutUsPageTaseCase"/>
  <testcase name="ValidateAbouUsPageLogo" time="0.541" classname="com.covid19.qa.HomePageTestcases.AboutUsPageTaseCase"/>
  <testcase name="VerifyFirstCovid19IndiaLink" time="0.035" classname="com.covid19.qa.HomePageTestcases.AboutUsPageTaseCase"/>
  <testcase name="VerifysecondCovid19IndiaLink" time="0.036" classname="com.covid19.qa.HomePageTestcases.AboutUsPageTaseCase"/>
  <testcase name="Covid19IndiaLinkNavigation" time="2.267" classname="com.covid19.qa.HomePageTestcases.AboutUsPageTaseCase"/>
  <testcase name="Covid19IndiaLinkNavigation2" time="1.275" classname="com.covid19.qa.HomePageTestcases.AboutUsPageTaseCase"/>
  <testcase name="VerifyApisLink" time="0.045" classname="com.covid19.qa.HomePageTestcases.AboutUsPageTaseCase"/>
  <testcase name="VerifyApisLinkNavigation" time="2.803" classname="com.covid19.qa.HomePageTestcases.AboutUsPageTaseCase"/>
  <testcase name="VerifyCOVIDPatientDataTitleUnderAboutUsPAge" time="0.037" classname="com.covid19.qa.HomePageTestcases.AboutUsPageTaseCase"/>
  <testcase name="VerifyCOVIDPatientDataNavigationUnderAboutUsPAge" time="1.634" classname="com.covid19.qa.HomePageTestcases.AboutUsPageTaseCase"/>
</testsuite> <!-- Test4 -->
