<?xml version="1.0" encoding="UTF-8"?>
<!-- Generated by org.testng.reporters.JUnitXMLReporter -->
<testsuite hostname="Srijan-ka-MBP-2" ignored="0" name="Test" tests="10" failures="0" timestamp="02 Jun 2020 13:56:44 GMT" time="21.547" errors="0">
  <testcase name="ValidateCovidHomePageTitle" time="0.072" classname="com.covid19.qa.HomePageTestcases.CovidHomePageTestCase"/>
  <testcase name="ValidateCovidHomePageURL" time="1.795" classname="com.covid19.qa.HomePageTestcases.CovidHomePageTestCase"/>
  <testcase name="ValidateCovidPaitenDataHeading" time="0.027" classname="com.covid19.qa.HomePageTestcases.CovidHomePageTestCase"/>
  <testcase name="ValidatePatientsHeading" time="0.023" classname="com.covid19.qa.HomePageTestcases.CovidHomePageTestCase"/>
  <testcase name="ValidateGridView" time="1.455" classname="com.covid19.qa.HomePageTestcases.CovidHomePageTestCase"/>
  <testcase name="ValidateTableView" time="1.089" classname="com.covid19.qa.HomePageTestcases.CovidHomePageTestCase"/>
  <testcase name="ValidateDiplayingText" time="0.042" classname="com.covid19.qa.HomePageTestcases.CovidHomePageTestCase"/>
  <testcase name="ValidateLastUpdatedText" time="0.038" classname="com.covid19.qa.HomePageTestcases.CovidHomePageTestCase"/>
  <testcase name="ValidateHowSearchWorks" time="0.709" classname="com.covid19.qa.HomePageTestcases.CovidHomePageTestCase"/>
  <testcase name="ValidateButtonRedirect" time="2.598" classname="com.covid19.qa.HomePageTestcases.CovidHomePageTestCase"/>
</testsuite> <!-- Test -->
