<?xml version="1.0" encoding="UTF-8"?>
<testng-results skipped="0" failed="0" ignored="0" total="10" passed="10">
  <reporter-output>
  </reporter-output>
  <suite name="Default suite" duration-ms="9296" started-at="2020-05-01T14:56:37Z" finished-at="2020-05-01T14:56:47Z">
    <groups>
    </groups>
    <test name="Default test" duration-ms="9296" started-at="2020-05-01T14:56:37Z" finished-at="2020-05-01T14:56:47Z">
      <class name="com.covid19.qa.HomePageTestcases.CovidHomePageTestCase">
        <test-method status="PASS" signature="setUp()[pri:0, instance:com.covid19.qa.HomePageTestcases.CovidHomePageTestCase@75c072cb]" name="setUp" is-config="true" duration-ms="4084" started-at="2020-05-01T20:26:37Z" finished-at="2020-05-01T20:26:41Z">
          <reporter-output>
          </reporter-output>
        </test-method> <!-- setUp -->
        <test-method status="PASS" signature="ValidateCovidHomePageTitle()[pri:1, instance:com.covid19.qa.HomePageTestcases.CovidHomePageTestCase@75c072cb]" name="ValidateCovidHomePageTitle" duration-ms="235" started-at="2020-05-01T20:26:41Z" finished-at="2020-05-01T20:26:42Z">
          <reporter-output>
          </reporter-output>
        </test-method> <!-- ValidateCovidHomePageTitle -->
        <test-method status="PASS" signature="ValidateCovidHomePageURL()[pri:2, instance:com.covid19.qa.HomePageTestcases.CovidHomePageTestCase@75c072cb]" name="ValidateCovidHomePageURL" duration-ms="1026" started-at="2020-05-01T20:26:42Z" finished-at="2020-05-01T20:26:43Z">
          <reporter-output>
          </reporter-output>
        </test-method> <!-- ValidateCovidHomePageURL -->
        <test-method status="PASS" signature="ValidateCovidPaitenDataHeading()[pri:3, instance:com.covid19.qa.HomePageTestcases.CovidHomePageTestCase@75c072cb]" name="ValidateCovidPaitenDataHeading" duration-ms="25" started-at="2020-05-01T20:26:43Z" finished-at="2020-05-01T20:26:43Z">
          <reporter-output>
          </reporter-output>
        </test-method> <!-- ValidateCovidPaitenDataHeading -->
        <test-method status="PASS" signature="ValidatePatientsHeading()[pri:4, instance:com.covid19.qa.HomePageTestcases.CovidHomePageTestCase@75c072cb]" name="ValidatePatientsHeading" duration-ms="22" started-at="2020-05-01T20:26:43Z" finished-at="2020-05-01T20:26:43Z">
          <reporter-output>
          </reporter-output>
        </test-method> <!-- ValidatePatientsHeading -->
        <test-method status="PASS" signature="ValidateGridView()[pri:5, instance:com.covid19.qa.HomePageTestcases.CovidHomePageTestCase@75c072cb]" name="ValidateGridView" duration-ms="598" started-at="2020-05-01T20:26:43Z" finished-at="2020-05-01T20:26:43Z">
          <reporter-output>
          </reporter-output>
        </test-method> <!-- ValidateGridView -->
        <test-method status="PASS" signature="ValidateTableView()[pri:6, instance:com.covid19.qa.HomePageTestcases.CovidHomePageTestCase@75c072cb]" name="ValidateTableView" duration-ms="1080" started-at="2020-05-01T20:26:43Z" finished-at="2020-05-01T20:26:44Z">
          <reporter-output>
          </reporter-output>
        </test-method> <!-- ValidateTableView -->
        <test-method status="PASS" signature="ValidateDiplayingText()[pri:7, instance:com.covid19.qa.HomePageTestcases.CovidHomePageTestCase@75c072cb]" name="ValidateDiplayingText" duration-ms="29" started-at="2020-05-01T20:26:44Z" finished-at="2020-05-01T20:26:44Z">
          <reporter-output>
          </reporter-output>
        </test-method> <!-- ValidateDiplayingText -->
        <test-method status="PASS" signature="ValidateLastUpdatedText()[pri:8, instance:com.covid19.qa.HomePageTestcases.CovidHomePageTestCase@75c072cb]" name="ValidateLastUpdatedText" duration-ms="21" started-at="2020-05-01T20:26:44Z" finished-at="2020-05-01T20:26:44Z">
          <reporter-output>
          </reporter-output>
        </test-method> <!-- ValidateLastUpdatedText -->
        <test-method status="PASS" signature="ValidateHowSearchWorks()[pri:9, instance:com.covid19.qa.HomePageTestcases.CovidHomePageTestCase@75c072cb]" name="ValidateHowSearchWorks" duration-ms="702" started-at="2020-05-01T20:26:44Z" finished-at="2020-05-01T20:26:45Z">
          <reporter-output>
          </reporter-output>
        </test-method> <!-- ValidateHowSearchWorks -->
        <test-method status="PASS" signature="ValidateButtonRedirect()[pri:10, instance:com.covid19.qa.HomePageTestcases.CovidHomePageTestCase@75c072cb]" name="ValidateButtonRedirect" duration-ms="1362" started-at="2020-05-01T20:26:45Z" finished-at="2020-05-01T20:26:47Z">
          <reporter-output>
          </reporter-output>
        </test-method> <!-- ValidateButtonRedirect -->
        <test-method status="PASS" signature="tearDown()[pri:0, instance:com.covid19.qa.HomePageTestcases.CovidHomePageTestCase@75c072cb]" name="tearDown" is-config="true" duration-ms="89" started-at="2020-05-01T20:26:47Z" finished-at="2020-05-01T20:26:47Z">
          <reporter-output>
          </reporter-output>
        </test-method> <!-- tearDown -->
      </class> <!-- com.covid19.qa.HomePageTestcases.CovidHomePageTestCase -->
    </test> <!-- Default test -->
  </suite> <!-- Default suite -->
</testng-results>
